\BOOKMARK [0][-]{chapter.1}{Introduction}{}% 1
\BOOKMARK [1][-]{section.1.1}{Motivation}{chapter.1}% 2
\BOOKMARK [1][-]{section.1.2}{Goal}{chapter.1}% 3
\BOOKMARK [1][-]{section.1.3}{Thesis structure}{chapter.1}% 4
\BOOKMARK [0][-]{chapter.2}{Related work}{}% 5
\BOOKMARK [1][-]{section.2.1}{Global Feature-Based Methods}{chapter.2}% 6
\BOOKMARK [1][-]{section.2.2}{Local Feature-Based Methods}{chapter.2}% 7
\BOOKMARK [0][-]{chapter.3}{Background}{}% 8
\BOOKMARK [1][-]{section.3.1}{ Mathematical Tools}{chapter.3}% 9
\BOOKMARK [2][-]{subsection.3.1.1}{Rigid Transformations}{section.3.1}% 10
\BOOKMARK [2][-]{subsection.3.1.2}{Rotation Matrices}{section.3.1}% 11
\BOOKMARK [1][-]{section.3.2}{Basics of 3D Computer Vision}{chapter.3}% 12
\BOOKMARK [2][-]{subsection.3.2.1}{ RGB-D sensors}{section.3.2}% 13
\BOOKMARK [2][-]{subsection.3.2.2}{ Camera Pinhole Model}{section.3.2}% 14
\BOOKMARK [2][-]{subsection.3.2.3}{Parameters of camera model}{section.3.2}% 15
\BOOKMARK [2][-]{subsection.3.2.4}{Camera's Intrinsic Parameters}{section.3.2}% 16
\BOOKMARK [2][-]{subsection.3.2.5}{Camera's Extrinsic Parameters}{section.3.2}% 17
\BOOKMARK [1][-]{section.3.3}{Robotic Operating System}{chapter.3}% 18
\BOOKMARK [1][-]{section.3.4}{Open-source Libraries}{chapter.3}% 19
\BOOKMARK [2][-]{subsection.3.4.1}{PCL}{section.3.4}% 20
\BOOKMARK [2][-]{subsection.3.4.2}{Open3D}{section.3.4}% 21
\BOOKMARK [1][-]{section.3.5}{Software tools}{chapter.3}% 22
\BOOKMARK [2][-]{subsection.3.5.1}{CloudCompare}{section.3.5}% 23
\BOOKMARK [2][-]{subsection.3.5.2}{MeshLab}{section.3.5}% 24
\BOOKMARK [2][-]{subsection.3.5.3}{FreeCAD}{section.3.5}% 25
\BOOKMARK [0][-]{chapter.4}{Robot-Camera Calibration}{}% 26
\BOOKMARK [1][-]{section.4.1}{Camera Calibration}{chapter.4}% 27
\BOOKMARK [2][-]{subsection.4.1.1}{Camera model}{section.4.1}% 28
\BOOKMARK [2][-]{subsection.4.1.2}{Overview of the system}{section.4.1}% 29
\BOOKMARK [0][-]{chapter*.8}{Bibliography}{}% 30
\BOOKMARK [0][-]{appendix.A}{List of Notation}{}% 31
